2024-11-22T19:07:55.842Z [INFO]: server is running on http://localhost:4003
2024-11-22T19:08:07.886Z [INFO]: server is running on http://localhost:4003
2024-11-22T19:13:10.458Z [INFO]: server is running on http://localhost:4003
2024-11-22T19:14:09.355Z [INFO]: server is running on http://localhost:4003
2024-11-22T19:15:04.310Z [INFO]: server is running on http://localhost:4003
2024-11-22T19:15:24.655Z [INFO]: ::1 - - [22/Nov/2024:19:15:24 +0000] "GET /getCompanyBookings/67162fa0016448154f9b34cb HTTP/1.1" 200 2 "http://localhost:3000/" "Mozilla/5.0 (Windows NT 10.0; Win64; x64) AppleWebKit/537.36 (KHTML, like Gecko) Chrome/131.0.0.0 Safari/537.36"
2024-11-22T19:19:59.364Z [INFO]: server is running on http://localhost:4003
2024-11-22T19:20:27.821Z [INFO]: server is running on http://localhost:4003
2024-11-22T19:20:58.626Z [INFO]: ::1 - - [22/Nov/2024:19:20:58 +0000] "POST /makePayment HTTP/1.1" 200 75 "http://localhost:3000/" "Mozilla/5.0 (Windows NT 10.0; Win64; x64) AppleWebKit/537.36 (KHTML, like Gecko) Chrome/131.0.0.0 Safari/537.36"
2024-11-22T19:21:07.548Z [INFO]: ::1 - - [22/Nov/2024:19:21:07 +0000] "POST /api/webhook HTTP/1.1" 200 - "-" "Stripe/1.0 (+https://stripe.com/docs/webhooks)"
2024-11-22T19:21:07.631Z [INFO]: ::1 - - [22/Nov/2024:19:21:07 +0000] "POST /api/webhook HTTP/1.1" 200 - "-" "Stripe/1.0 (+https://stripe.com/docs/webhooks)"
2024-11-22T19:21:07.674Z [INFO]: ::1 - - [22/Nov/2024:19:21:07 +0000] "POST /api/webhook HTTP/1.1" 401 36 "-" "Stripe/1.0 (+https://stripe.com/docs/webhooks)"
2024-11-22T19:21:07.778Z [INFO]: ::1 - - [22/Nov/2024:19:21:07 +0000] "POST /api/webhook HTTP/1.1" 200 - "-" "Stripe/1.0 (+https://stripe.com/docs/webhooks)"
2024-11-22T19:21:09.764Z [INFO]: ::1 - - [22/Nov/2024:19:21:09 +0000] "POST /api/webhook HTTP/1.1" 200 - "-" "Stripe/1.0 (+https://stripe.com/docs/webhooks)"
2024-11-22T19:26:31.852Z [INFO]: server is running on http://localhost:4003
2024-11-22T19:26:45.248Z [INFO]: server is running on http://localhost:4003
2024-11-22T19:26:51.294Z [INFO]: server is running on http://localhost:4003
2024-11-22T19:29:04.863Z [INFO]: server is running on http://localhost:4003
2024-11-22T19:34:00.980Z [INFO]: server is running on http://localhost:4003
2024-11-22T19:34:16.930Z [INFO]: ::1 - - [22/Nov/2024:19:34:16 +0000] "POST /makePayment HTTP/1.1" 200 75 "http://localhost:3000/" "Mozilla/5.0 (Windows NT 10.0; Win64; x64) AppleWebKit/537.36 (KHTML, like Gecko) Chrome/131.0.0.0 Safari/537.36"
2024-11-22T19:34:26.678Z [INFO]: ::1 - - [22/Nov/2024:19:34:26 +0000] "POST /api/webhook HTTP/1.1" 200 - "-" "Stripe/1.0 (+https://stripe.com/docs/webhooks)"
2024-11-22T19:34:27.012Z [INFO]: ::1 - - [22/Nov/2024:19:34:27 +0000] "POST /api/webhook HTTP/1.1" 200 - "-" "Stripe/1.0 (+https://stripe.com/docs/webhooks)"
2024-11-22T19:34:27.060Z [INFO]: ::1 - - [22/Nov/2024:19:34:27 +0000] "POST /api/webhook HTTP/1.1" 401 36 "-" "Stripe/1.0 (+https://stripe.com/docs/webhooks)"
2024-11-22T19:34:27.850Z [INFO]: ::1 - - [22/Nov/2024:19:34:27 +0000] "POST /api/webhook HTTP/1.1" 200 - "-" "Stripe/1.0 (+https://stripe.com/docs/webhooks)"
2024-11-22T19:34:28.707Z [INFO]: ::1 - - [22/Nov/2024:19:34:28 +0000] "POST /api/webhook HTTP/1.1" 200 - "-" "Stripe/1.0 (+https://stripe.com/docs/webhooks)"
2024-11-22T19:35:58.653Z [INFO]: server is running on http://localhost:4003
